Analysis & Synthesis report for DE1_SoC
Tue Mar 06 10:52:40 2018
Quartus Prime Version 17.0.0 Build 595 04/25/2017 SJ Lite Edition


---------------------
; Table of Contents ;
---------------------
  1. Legal Notice
  2. Analysis & Synthesis Summary
  3. Analysis & Synthesis Settings
  4. Parallel Compilation
  5. Analysis & Synthesis Source Files Read
  6. Analysis & Synthesis Resource Usage Summary
  7. Analysis & Synthesis Resource Utilization by Entity
  8. Registers Removed During Synthesis
  9. Removed Registers Triggering Further Register Optimizations
 10. General Register Statistics
 11. Parameter Settings for User Entity Instance: Top-level Entity: |DE1_SoC
 12. Parameter Settings for User Entity Instance: floor_tracker:elevatorController
 13. Port Connectivity Checks: "myDFF:dff2"
 14. Port Connectivity Checks: "myDFF:dff1"
 15. Port Connectivity Checks: "clock_divider:cdiv"
 16. Post-Synthesis Netlist Statistics for Top Partition
 17. Elapsed Time Per Partition
 18. Analysis & Synthesis Messages
 19. Analysis & Synthesis Suppressed Messages



----------------
; Legal Notice ;
----------------
Copyright (C) 2017  Intel Corporation. All rights reserved.
Your use of Intel Corporation's design tools, logic functions 
and other software and tools, and its AMPP partner logic 
functions, and any output files from any of the foregoing 
(including device programming or simulation files), and any 
associated documentation or information are expressly subject 
to the terms and conditions of the Intel Program License 
Subscription Agreement, the Intel Quartus Prime License Agreement,
the Intel MegaCore Function License Agreement, or other 
applicable license agreement, including, without limitation, 
that your use is for the sole purpose of programming logic 
devices manufactured by Intel and sold by Intel or its 
authorized distributors.  Please refer to the applicable 
agreement for further details.



+-------------------------------------------------------------------------------+
; Analysis & Synthesis Summary                                                  ;
+---------------------------------+---------------------------------------------+
; Analysis & Synthesis Status     ; Successful - Tue Mar 06 10:52:40 2018       ;
; Quartus Prime Version           ; 17.0.0 Build 595 04/25/2017 SJ Lite Edition ;
; Revision Name                   ; DE1_SoC                                     ;
; Top-level Entity Name           ; DE1_SoC                                     ;
; Family                          ; Cyclone V                                   ;
; Logic utilization (in ALMs)     ; N/A                                         ;
; Total registers                 ; 52                                          ;
; Total pins                      ; 67                                          ;
; Total virtual pins              ; 0                                           ;
; Total block memory bits         ; 0                                           ;
; Total DSP Blocks                ; 0                                           ;
; Total HSSI RX PCSs              ; 0                                           ;
; Total HSSI PMA RX Deserializers ; 0                                           ;
; Total HSSI TX PCSs              ; 0                                           ;
; Total HSSI PMA TX Serializers   ; 0                                           ;
; Total PLLs                      ; 0                                           ;
; Total DLLs                      ; 0                                           ;
+---------------------------------+---------------------------------------------+


+---------------------------------------------------------------------------------------------------------------------------+
; Analysis & Synthesis Settings                                                                                             ;
+---------------------------------------------------------------------------------+--------------------+--------------------+
; Option                                                                          ; Setting            ; Default Value      ;
+---------------------------------------------------------------------------------+--------------------+--------------------+
; Device                                                                          ; 5CSEMA5F31C6       ;                    ;
; Top-level entity name                                                           ; DE1_SoC            ; DE1_SoC            ;
; Family name                                                                     ; Cyclone V          ; Cyclone V          ;
; State Machine Processing                                                        ; User-Encoded       ; Auto               ;
; Use smart compilation                                                           ; Off                ; Off                ;
; Enable parallel Assembler and TimeQuest Timing Analyzer during compilation      ; On                 ; On                 ;
; Enable compact report table                                                     ; Off                ; Off                ;
; Restructure Multiplexers                                                        ; Auto               ; Auto               ;
; MLAB Add Timing Constraints For Mixed-Port Feed-Through Mode Setting Don't Care ; Off                ; Off                ;
; Create Debugging Nodes for IP Cores                                             ; Off                ; Off                ;
; Preserve fewer node names                                                       ; On                 ; On                 ;
; OpenCore Plus hardware evaluation                                               ; Enable             ; Enable             ;
; Verilog Version                                                                 ; Verilog_2001       ; Verilog_2001       ;
; VHDL Version                                                                    ; VHDL_1993          ; VHDL_1993          ;
; Safe State Machine                                                              ; Off                ; Off                ;
; Extract Verilog State Machines                                                  ; On                 ; On                 ;
; Extract VHDL State Machines                                                     ; On                 ; On                 ;
; Ignore Verilog initial constructs                                               ; Off                ; Off                ;
; Iteration limit for constant Verilog loops                                      ; 5000               ; 5000               ;
; Iteration limit for non-constant Verilog loops                                  ; 250                ; 250                ;
; Add Pass-Through Logic to Inferred RAMs                                         ; On                 ; On                 ;
; Infer RAMs from Raw Logic                                                       ; On                 ; On                 ;
; Parallel Synthesis                                                              ; On                 ; On                 ;
; DSP Block Balancing                                                             ; Auto               ; Auto               ;
; NOT Gate Push-Back                                                              ; On                 ; On                 ;
; Power-Up Don't Care                                                             ; On                 ; On                 ;
; Remove Redundant Logic Cells                                                    ; Off                ; Off                ;
; Remove Duplicate Registers                                                      ; On                 ; On                 ;
; Ignore CARRY Buffers                                                            ; Off                ; Off                ;
; Ignore CASCADE Buffers                                                          ; Off                ; Off                ;
; Ignore GLOBAL Buffers                                                           ; Off                ; Off                ;
; Ignore ROW GLOBAL Buffers                                                       ; Off                ; Off                ;
; Ignore LCELL Buffers                                                            ; Off                ; Off                ;
; Ignore SOFT Buffers                                                             ; On                 ; On                 ;
; Limit AHDL Integers to 32 Bits                                                  ; Off                ; Off                ;
; Optimization Technique                                                          ; Balanced           ; Balanced           ;
; Carry Chain Length                                                              ; 70                 ; 70                 ;
; Auto Carry Chains                                                               ; On                 ; On                 ;
; Auto Open-Drain Pins                                                            ; On                 ; On                 ;
; Perform WYSIWYG Primitive Resynthesis                                           ; Off                ; Off                ;
; Auto ROM Replacement                                                            ; On                 ; On                 ;
; Auto RAM Replacement                                                            ; On                 ; On                 ;
; Auto DSP Block Replacement                                                      ; On                 ; On                 ;
; Auto Shift Register Replacement                                                 ; Auto               ; Auto               ;
; Allow Shift Register Merging across Hierarchies                                 ; Auto               ; Auto               ;
; Auto Clock Enable Replacement                                                   ; On                 ; On                 ;
; Strict RAM Replacement                                                          ; Off                ; Off                ;
; Allow Synchronous Control Signals                                               ; On                 ; On                 ;
; Force Use of Synchronous Clear Signals                                          ; Off                ; Off                ;
; Auto Resource Sharing                                                           ; Off                ; Off                ;
; Allow Any RAM Size For Recognition                                              ; Off                ; Off                ;
; Allow Any ROM Size For Recognition                                              ; Off                ; Off                ;
; Allow Any Shift Register Size For Recognition                                   ; Off                ; Off                ;
; Use LogicLock Constraints during Resource Balancing                             ; On                 ; On                 ;
; Ignore translate_off and synthesis_off directives                               ; Off                ; Off                ;
; Timing-Driven Synthesis                                                         ; On                 ; On                 ;
; Report Parameter Settings                                                       ; On                 ; On                 ;
; Report Source Assignments                                                       ; On                 ; On                 ;
; Report Connectivity Checks                                                      ; On                 ; On                 ;
; Ignore Maximum Fan-Out Assignments                                              ; Off                ; Off                ;
; Synchronization Register Chain Length                                           ; 3                  ; 3                  ;
; PowerPlay Power Optimization During Synthesis                                   ; Normal compilation ; Normal compilation ;
; HDL message level                                                               ; Level2             ; Level2             ;
; Suppress Register Optimization Related Messages                                 ; Off                ; Off                ;
; Number of Removed Registers Reported in Synthesis Report                        ; 5000               ; 5000               ;
; Number of Swept Nodes Reported in Synthesis Report                              ; 5000               ; 5000               ;
; Number of Inverted Registers Reported in Synthesis Report                       ; 100                ; 100                ;
; Clock MUX Protection                                                            ; On                 ; On                 ;
; Auto Gated Clock Conversion                                                     ; Off                ; Off                ;
; Block Design Naming                                                             ; Auto               ; Auto               ;
; SDC constraint protection                                                       ; Off                ; Off                ;
; Synthesis Effort                                                                ; Auto               ; Auto               ;
; Shift Register Replacement - Allow Asynchronous Clear Signal                    ; On                 ; On                 ;
; Pre-Mapping Resynthesis Optimization                                            ; Off                ; Off                ;
; Analysis & Synthesis Message Level                                              ; Medium             ; Medium             ;
; Disable Register Merging Across Hierarchies                                     ; Auto               ; Auto               ;
; Resource Aware Inference For Block RAM                                          ; On                 ; On                 ;
; Automatic Parallel Synthesis                                                    ; On                 ; On                 ;
; Partial Reconfiguration Bitstream ID                                            ; Off                ; Off                ;
+---------------------------------------------------------------------------------+--------------------+--------------------+


+------------------------------------------+
; Parallel Compilation                     ;
+----------------------------+-------------+
; Processors                 ; Number      ;
+----------------------------+-------------+
; Number detected on machine ; 8           ;
; Maximum allowed            ; 4           ;
;                            ;             ;
; Average used               ; 1.00        ;
; Maximum used               ; 4           ;
;                            ;             ;
; Usage by Processor         ; % Time Used ;
;     Processor 1            ; 100.0%      ;
;     Processors 2-4         ;   0.0%      ;
+----------------------------+-------------+


+--------------------------------------------------------------------------------------------------------------------------------------------------------------------+
; Analysis & Synthesis Source Files Read                                                                                                                             ;
+----------------------------------+-----------------+------------------------------+----------------------------------------------------------------------+---------+
; File Name with User-Entered Path ; Used in Netlist ; File Type                    ; File Name with Absolute Path                                         ; Library ;
+----------------------------------+-----------------+------------------------------+----------------------------------------------------------------------+---------+
; DE1_SoC.sv                       ; yes             ; User SystemVerilog HDL File  ; C:/Users/micha/Documents/ee271/lab8 - Elevator/DE1_SoC.sv            ;         ;
; myDFF.sv                         ; yes             ; User SystemVerilog HDL File  ; C:/Users/micha/Documents/ee271/lab8 - Elevator/myDFF.sv              ;         ;
; input_blink.sv                   ; yes             ; User SystemVerilog HDL File  ; C:/Users/micha/Documents/ee271/lab8 - Elevator/input_blink.sv        ;         ;
; buttons_controller.sv            ; yes             ; User SystemVerilog HDL File  ; C:/Users/micha/Documents/ee271/lab8 - Elevator/buttons_controller.sv ;         ;
; floor_tracker.sv                 ; yes             ; User SystemVerilog HDL File  ; C:/Users/micha/Documents/ee271/lab8 - Elevator/floor_tracker.sv      ;         ;
; myDFF_6b.sv                      ; yes             ; User SystemVerilog HDL File  ; C:/Users/micha/Documents/ee271/lab8 - Elevator/myDFF_6b.sv           ;         ;
+----------------------------------+-----------------+------------------------------+----------------------------------------------------------------------+---------+


+-------------------------------------------------------------------------------------+
; Analysis & Synthesis Resource Usage Summary                                         ;
+---------------------------------------------+---------------------------------------+
; Resource                                    ; Usage                                 ;
+---------------------------------------------+---------------------------------------+
; Estimate of Logic utilization (ALMs needed) ; 50                                    ;
;                                             ;                                       ;
; Combinational ALUT usage for logic          ; 77                                    ;
;     -- 7 input functions                    ; 2                                     ;
;     -- 6 input functions                    ; 18                                    ;
;     -- 5 input functions                    ; 8                                     ;
;     -- 4 input functions                    ; 13                                    ;
;     -- <=3 input functions                  ; 36                                    ;
;                                             ;                                       ;
; Dedicated logic registers                   ; 52                                    ;
;                                             ;                                       ;
; I/O pins                                    ; 67                                    ;
;                                             ;                                       ;
; Total DSP Blocks                            ; 0                                     ;
;                                             ;                                       ;
; Maximum fan-out node                        ; clock_divider:cdiv|divided_clocks[22] ;
; Maximum fan-out                             ; 31                                    ;
; Total fan-out                               ; 535                                   ;
; Average fan-out                             ; 2.03                                  ;
+---------------------------------------------+---------------------------------------+


+------------------------------------------------------------------------------------------------------------------------------------------------------------------------------------------------------------------------------------+
; Analysis & Synthesis Resource Utilization by Entity                                                                                                                                                                                ;
+-----------------------------------------+---------------------+---------------------------+-------------------+------------+------+--------------+---------------------------------------------+--------------------+--------------+
; Compilation Hierarchy Node              ; Combinational ALUTs ; Dedicated Logic Registers ; Block Memory Bits ; DSP Blocks ; Pins ; Virtual Pins ; Full Hierarchy Name                         ; Entity Name        ; Library Name ;
+-----------------------------------------+---------------------+---------------------------+-------------------+------------+------+--------------+---------------------------------------------+--------------------+--------------+
; |DE1_SoC                                ; 77 (8)              ; 52 (0)                    ; 0                 ; 0          ; 67   ; 0            ; |DE1_SoC                                    ; DE1_SoC            ; work         ;
;    |buttons_controller:elevatorButtons| ; 6 (6)               ; 6 (6)                     ; 0                 ; 0          ; 0    ; 0            ; |DE1_SoC|buttons_controller:elevatorButtons ; buttons_controller ; work         ;
;    |clock_divider:cdiv|                 ; 23 (23)             ; 23 (23)                   ; 0                 ; 0          ; 0    ; 0            ; |DE1_SoC|clock_divider:cdiv                 ; clock_divider      ; work         ;
;    |floor_tracker:elevatorController|   ; 40 (40)             ; 6 (6)                     ; 0                 ; 0          ; 0    ; 0            ; |DE1_SoC|floor_tracker:elevatorController   ; floor_tracker      ; work         ;
;    |input_blink:blink1|                 ; 0 (0)               ; 1 (1)                     ; 0                 ; 0          ; 0    ; 0            ; |DE1_SoC|input_blink:blink1                 ; input_blink        ; work         ;
;    |myDFF:dff1|                         ; 0 (0)               ; 1 (1)                     ; 0                 ; 0          ; 0    ; 0            ; |DE1_SoC|myDFF:dff1                         ; myDFF              ; work         ;
;    |myDFF:dff2|                         ; 0 (0)               ; 1 (1)                     ; 0                 ; 0          ; 0    ; 0            ; |DE1_SoC|myDFF:dff2                         ; myDFF              ; work         ;
;    |myDFF:dff5|                         ; 0 (0)               ; 1 (1)                     ; 0                 ; 0          ; 0    ; 0            ; |DE1_SoC|myDFF:dff5                         ; myDFF              ; work         ;
;    |myDFF:dff6|                         ; 0 (0)               ; 1 (1)                     ; 0                 ; 0          ; 0    ; 0            ; |DE1_SoC|myDFF:dff6                         ; myDFF              ; work         ;
;    |myDFF_6b:dff3|                      ; 0 (0)               ; 6 (6)                     ; 0                 ; 0          ; 0    ; 0            ; |DE1_SoC|myDFF_6b:dff3                      ; myDFF_6b           ; work         ;
;    |myDFF_6b:dff4|                      ; 0 (0)               ; 6 (6)                     ; 0                 ; 0          ; 0    ; 0            ; |DE1_SoC|myDFF_6b:dff4                      ; myDFF_6b           ; work         ;
+-----------------------------------------+---------------------+---------------------------+-------------------+------------+------+--------------+---------------------------------------------+--------------------+--------------+
Note: For table entries with two numbers listed, the numbers in parentheses indicate the number of resources of the given type used by the specific entity alone. The numbers listed outside of parentheses indicate the total resources of the given type used by the specific entity and all of its sub-entities in the hierarchy.


+--------------------------------------------------------------------------------------------------------+
; Registers Removed During Synthesis                                                                     ;
+-------------------------------------------------+------------------------------------------------------+
; Register name                                   ; Reason for Removal                                   ;
+-------------------------------------------------+------------------------------------------------------+
; input_blink:blink1|ps[1..31]                    ; Stuck at GND due to stuck port data_in               ;
; buttons_controller:elevatorButtons|selection[5] ; Merged with buttons_controller:elevatorButtons|ps[5] ;
; buttons_controller:elevatorButtons|selection[4] ; Merged with buttons_controller:elevatorButtons|ps[4] ;
; buttons_controller:elevatorButtons|selection[3] ; Merged with buttons_controller:elevatorButtons|ps[3] ;
; buttons_controller:elevatorButtons|selection[2] ; Merged with buttons_controller:elevatorButtons|ps[2] ;
; buttons_controller:elevatorButtons|selection[1] ; Merged with buttons_controller:elevatorButtons|ps[1] ;
; buttons_controller:elevatorButtons|selection[0] ; Merged with buttons_controller:elevatorButtons|ps[0] ;
; clock_divider:cdiv|divided_clocks[23..31]       ; Lost fanout                                          ;
; Total Number of Removed Registers = 46          ;                                                      ;
+-------------------------------------------------+------------------------------------------------------+


+--------------------------------------------------------------------------------------------------------------------------------------------+
; Removed Registers Triggering Further Register Optimizations                                                                                ;
+---------------------------------------+--------------------+-------------------------------------------------------------------------------+
; Register name                         ; Reason for Removal ; Registers Removed due to This Register                                        ;
+---------------------------------------+--------------------+-------------------------------------------------------------------------------+
; clock_divider:cdiv|divided_clocks[31] ; Lost Fanouts       ; clock_divider:cdiv|divided_clocks[30], clock_divider:cdiv|divided_clocks[29], ;
;                                       ;                    ; clock_divider:cdiv|divided_clocks[28], clock_divider:cdiv|divided_clocks[27], ;
;                                       ;                    ; clock_divider:cdiv|divided_clocks[26], clock_divider:cdiv|divided_clocks[25], ;
;                                       ;                    ; clock_divider:cdiv|divided_clocks[24], clock_divider:cdiv|divided_clocks[23]  ;
+---------------------------------------+--------------------+-------------------------------------------------------------------------------+


+------------------------------------------------------+
; General Register Statistics                          ;
+----------------------------------------------+-------+
; Statistic                                    ; Value ;
+----------------------------------------------+-------+
; Total registers                              ; 52    ;
; Number of registers using Synchronous Clear  ; 47    ;
; Number of registers using Synchronous Load   ; 1     ;
; Number of registers using Asynchronous Clear ; 0     ;
; Number of registers using Asynchronous Load  ; 0     ;
; Number of registers using Clock Enable       ; 0     ;
; Number of registers using Preset             ; 0     ;
+----------------------------------------------+-------+


+-------------------------------------------------------------------------+
; Parameter Settings for User Entity Instance: Top-level Entity: |DE1_SoC ;
+----------------+-------+------------------------------------------------+
; Parameter Name ; Value ; Type                                           ;
+----------------+-------+------------------------------------------------+
; whichClock     ; 22    ; Signed Integer                                 ;
+----------------+-------+------------------------------------------------+
Note: In order to hide this table in the UI and the text report file, please set the "Show Parameter Settings in Synthesis Report" option in "Analysis and Synthesis Settings -> More Settings" to "Off".


+-------------------------------------------------------------------------------+
; Parameter Settings for User Entity Instance: floor_tracker:elevatorController ;
+----------------+-------+------------------------------------------------------+
; Parameter Name ; Value ; Type                                                 ;
+----------------+-------+------------------------------------------------------+
; F1             ; 000   ; Unsigned Binary                                      ;
; F2             ; 001   ; Unsigned Binary                                      ;
; F2m            ; 010   ; Unsigned Binary                                      ;
; F3             ; 011   ; Unsigned Binary                                      ;
; F3m            ; 100   ; Unsigned Binary                                      ;
; F4             ; 101   ; Unsigned Binary                                      ;
; neither        ; 00    ; Unsigned Binary                                      ;
; east           ; 01    ; Unsigned Binary                                      ;
; west           ; 10    ; Unsigned Binary                                      ;
; both           ; 11    ; Unsigned Binary                                      ;
+----------------+-------+------------------------------------------------------+
Note: In order to hide this table in the UI and the text report file, please set the "Show Parameter Settings in Synthesis Report" option in "Analysis and Synthesis Settings -> More Settings" to "Off".


+-----------------------------------------+
; Port Connectivity Checks: "myDFF:dff2"  ;
+-------+-------+----------+--------------+
; Port  ; Type  ; Severity ; Details      ;
+-------+-------+----------+--------------+
; reset ; Input ; Info     ; Stuck at GND ;
+-------+-------+----------+--------------+


+-----------------------------------------+
; Port Connectivity Checks: "myDFF:dff1"  ;
+-------+-------+----------+--------------+
; Port  ; Type  ; Severity ; Details      ;
+-------+-------+----------+--------------+
; reset ; Input ; Info     ; Stuck at GND ;
+-------+-------+----------+--------------+


+----------------------------------------------------------------------------------------------------------------------------------+
; Port Connectivity Checks: "clock_divider:cdiv"                                                                                   ;
+------------------------+--------+----------+-------------------------------------------------------------------------------------+
; Port                   ; Type   ; Severity ; Details                                                                             ;
+------------------------+--------+----------+-------------------------------------------------------------------------------------+
; divided_clocks[31..23] ; Output ; Info     ; Connected to dangling logic. Logic that only feeds a dangling port will be removed. ;
; divided_clocks[21..0]  ; Output ; Info     ; Connected to dangling logic. Logic that only feeds a dangling port will be removed. ;
+------------------------+--------+----------+-------------------------------------------------------------------------------------+


+-----------------------------------------------------+
; Post-Synthesis Netlist Statistics for Top Partition ;
+-----------------------+-----------------------------+
; Type                  ; Count                       ;
+-----------------------+-----------------------------+
; arriav_ff             ; 52                          ;
;     SCLR              ; 47                          ;
;     SLD               ; 1                           ;
;     plain             ; 4                           ;
; arriav_lcell_comb     ; 84                          ;
;     arith             ; 23                          ;
;         1 data inputs ; 23                          ;
;     extend            ; 2                           ;
;         7 data inputs ; 2                           ;
;     normal            ; 59                          ;
;         0 data inputs ; 2                           ;
;         1 data inputs ; 6                           ;
;         2 data inputs ; 3                           ;
;         3 data inputs ; 9                           ;
;         4 data inputs ; 13                          ;
;         5 data inputs ; 8                           ;
;         6 data inputs ; 18                          ;
; boundary_port         ; 67                          ;
;                       ;                             ;
; Max LUT depth         ; 4.00                        ;
; Average LUT depth     ; 2.21                        ;
+-----------------------+-----------------------------+


+-------------------------------+
; Elapsed Time Per Partition    ;
+----------------+--------------+
; Partition Name ; Elapsed Time ;
+----------------+--------------+
; Top            ; 00:00:00     ;
+----------------+--------------+


+-------------------------------+
; Analysis & Synthesis Messages ;
+-------------------------------+
Info: *******************************************************************
Info: Running Quartus Prime Analysis & Synthesis
    Info: Version 17.0.0 Build 595 04/25/2017 SJ Lite Edition
    Info: Processing started: Tue Mar 06 10:52:29 2018
Info: Command: quartus_map --read_settings_files=on --write_settings_files=off DE1_SoC -c DE1_SoC
Info (20030): Parallel compilation is enabled and will use 4 of the 4 processors detected
Info (12021): Found 3 design units, including 3 entities, in source file de1_soc.sv
    Info (12023): Found entity 1: DE1_SoC File: C:/Users/micha/Documents/ee271/lab8 - Elevator/DE1_SoC.sv Line: 3
    Info (12023): Found entity 2: clock_divider File: C:/Users/micha/Documents/ee271/lab8 - Elevator/DE1_SoC.sv Line: 92
    Info (12023): Found entity 3: DE1_SoC_testbench File: C:/Users/micha/Documents/ee271/lab8 - Elevator/DE1_SoC.sv Line: 107
Info (12021): Found 2 design units, including 2 entities, in source file mydff.sv
    Info (12023): Found entity 1: myDFF File: C:/Users/micha/Documents/ee271/lab8 - Elevator/myDFF.sv Line: 2
    Info (12023): Found entity 2: myDFF_testbench File: C:/Users/micha/Documents/ee271/lab8 - Elevator/myDFF.sv Line: 16
Info (12021): Found 2 design units, including 2 entities, in source file input_buffer.sv
    Info (12023): Found entity 1: input_buffer File: C:/Users/micha/Documents/ee271/lab8 - Elevator/input_buffer.sv Line: 2
    Info (12023): Found entity 2: input_buffer_testbench File: C:/Users/micha/Documents/ee271/lab8 - Elevator/input_buffer.sv Line: 38
Info (12021): Found 2 design units, including 2 entities, in source file input_blink.sv
    Info (12023): Found entity 1: input_blink File: C:/Users/micha/Documents/ee271/lab8 - Elevator/input_blink.sv Line: 2
    Info (12023): Found entity 2: input_blink_testbench File: C:/Users/micha/Documents/ee271/lab8 - Elevator/input_blink.sv Line: 38
Info (12021): Found 2 design units, including 2 entities, in source file play_light.sv
    Info (12023): Found entity 1: play_light File: C:/Users/micha/Documents/ee271/lab8 - Elevator/play_light.sv Line: 2
    Info (12023): Found entity 2: play_light_testbench File: C:/Users/micha/Documents/ee271/lab8 - Elevator/play_light.sv Line: 49
Info (12021): Found 2 design units, including 2 entities, in source file lfsr_10bit.sv
    Info (12023): Found entity 1: LFSR_10bit File: C:/Users/micha/Documents/ee271/lab8 - Elevator/LFSR_10bit.sv Line: 1
    Info (12023): Found entity 2: LFSR_10bit_testbench File: C:/Users/micha/Documents/ee271/lab8 - Elevator/LFSR_10bit.sv Line: 26
Info (12021): Found 2 design units, including 2 entities, in source file score_counter.sv
    Info (12023): Found entity 1: score_counter File: C:/Users/micha/Documents/ee271/lab8 - Elevator/score_counter.sv Line: 1
    Info (12023): Found entity 2: score_counter_testbench File: C:/Users/micha/Documents/ee271/lab8 - Elevator/score_counter.sv Line: 34
Info (12021): Found 2 design units, including 2 entities, in source file comparator_10bit.sv
    Info (12023): Found entity 1: comparator_10bit File: C:/Users/micha/Documents/ee271/lab8 - Elevator/comparator_10bit.sv Line: 1
    Info (12023): Found entity 2: comparator_10bit_testbench File: C:/Users/micha/Documents/ee271/lab8 - Elevator/comparator_10bit.sv Line: 10
Info (12021): Found 2 design units, including 2 entities, in source file buttons_controller.sv
    Info (12023): Found entity 1: buttons_controller File: C:/Users/micha/Documents/ee271/lab8 - Elevator/buttons_controller.sv Line: 2
    Info (12023): Found entity 2: buttons_controller_testbench File: C:/Users/micha/Documents/ee271/lab8 - Elevator/buttons_controller.sv Line: 43
Info (12021): Found 2 design units, including 2 entities, in source file floor_tracker.sv
    Info (12023): Found entity 1: floor_tracker File: C:/Users/micha/Documents/ee271/lab8 - Elevator/floor_tracker.sv Line: 1
    Info (12023): Found entity 2: floor_tracker_testbench File: C:/Users/micha/Documents/ee271/lab8 - Elevator/floor_tracker.sv Line: 189
Info (12021): Found 1 design units, including 1 entities, in source file mydff_6b.sv
    Info (12023): Found entity 1: myDFF_6b File: C:/Users/micha/Documents/ee271/lab8 - Elevator/myDFF_6b.sv Line: 2
Info (12127): Elaborating entity "DE1_SoC" for the top level hierarchy
Info (12128): Elaborating entity "clock_divider" for hierarchy "clock_divider:cdiv" File: C:/Users/micha/Documents/ee271/lab8 - Elevator/DE1_SoC.sv Line: 16
Info (12128): Elaborating entity "myDFF" for hierarchy "myDFF:dff1" File: C:/Users/micha/Documents/ee271/lab8 - Elevator/DE1_SoC.sv Line: 20
Info (12128): Elaborating entity "myDFF_6b" for hierarchy "myDFF_6b:dff3" File: C:/Users/micha/Documents/ee271/lab8 - Elevator/DE1_SoC.sv Line: 24
Info (12128): Elaborating entity "input_blink" for hierarchy "input_blink:blink1" File: C:/Users/micha/Documents/ee271/lab8 - Elevator/DE1_SoC.sv Line: 30
Info (12128): Elaborating entity "buttons_controller" for hierarchy "buttons_controller:elevatorButtons" File: C:/Users/micha/Documents/ee271/lab8 - Elevator/DE1_SoC.sv Line: 36
Info (12128): Elaborating entity "floor_tracker" for hierarchy "floor_tracker:elevatorController" File: C:/Users/micha/Documents/ee271/lab8 - Elevator/DE1_SoC.sv Line: 37
Info (286030): Timing-Driven Synthesis is running
Info (17049): 9 registers lost all their fanouts during netlist optimizations.
Info (144001): Generated suppressed messages file C:/Users/micha/Documents/ee271/lab8 - Elevator/output_files/DE1_SoC.map.smsg
Info (16010): Generating hard_block partition "hard_block:auto_generated_inst"
    Info (16011): Adding 0 node(s), including 0 DDIO, 0 PLL, 0 transceiver and 0 LCELL
Info (21057): Implemented 160 device resources after synthesis - the final resource count might be different
    Info (21058): Implemented 15 input pins
    Info (21059): Implemented 52 output pins
    Info (21061): Implemented 93 logic cells
Info: Quartus Prime Analysis & Synthesis was successful. 0 errors, 0 warnings
    Info: Peak virtual memory: 757 megabytes
    Info: Processing ended: Tue Mar 06 10:52:40 2018
    Info: Elapsed time: 00:00:11
    Info: Total CPU time (on all processors): 00:00:24


+------------------------------------------+
; Analysis & Synthesis Suppressed Messages ;
+------------------------------------------+
The suppressed messages can be found in C:/Users/micha/Documents/ee271/lab8 - Elevator/output_files/DE1_SoC.map.smsg.


